<?xml version="1.0" encoding="utf-8"?>
<ScrollView xmlns:android="http://schemas.android.com/apk/res/android"
    xmlns:app="http://schemas.android.com/apk/res-auto"
    android:layout_width="match_parent"
    android:layout_height="match_parent">

    <LinearLayout
        android:layout_width="match_parent"
        android:layout_height="wrap_content"
        android:orientation="vertical">


        <android.support.v7.widget.Toolbar
            android:id="@+id/toolbar"
            android:layout_width="match_parent"
            android:layout_height="wrap_content"
            android:background="?attr/colorPrimary"
            app:theme="@style/Base.ThemeOverlay.AppCompat.Dark.ActionBar" />

        <LinearLayout
            android:layout_width="match_parent"
            android:layout_height="wrap_content"
            android:orientation="vertical">

            <com.github.mikephil.charting.charts.ScatterChart
                android:id="@+id/chart1"
                android:layout_width="match_parent"
                android:layout_height="300dp"
                android:layout_margin="32dp" />

            <TextView
                android:id="@+id/reason"
                android:layout_width="wrap_content"
                android:layout_height="wrap_content"
                android:layout_marginLeft="32dp"
                android:layout_marginTop="32dp"
                android:layout_marginRight="32dp"
                android:text="Reason" />

            <TextView
                android:id="@+id/outliers"
                android:layout_width="wrap_content"
                android:layout_height="wrap_content"
                android:layout_marginBottom="32dp"
                android:layout_marginLeft="32dp"
                android:layout_marginRight="32dp"
                android:layout_marginTop="16dp"
                android:text="Outliers" />

        </LinearLayout>

    </LinearLayout>


</ScrollView>
